[    0.000000] Linux version 4.15.0-212-generic (buildd@lcy02-amd64-083) (gcc version 7.5.0 (Ubuntu 7.5.0-3ubuntu1~18.04)) #223-Ubuntu SMP Tue May 23 13:09:22 UTC 2023 (Ubuntu 4.15.0-212.223-generic 4.15.18)
[    0.000000] Command line: BOOT_IMAGE=/boot/vmlinuz-4.15.0-212-generic root=LABEL=cloudimg-rootfs ro console=tty1 console=ttyS0
[    0.000000] KERNEL supported cpus:
[    0.000000]   Intel GenuineIntel
[    0.000000]   AMD AuthenticAMD
[    0.000000]   Centaur CentaurHauls
[    0.000000] [Firmware Bug]: TSC doesn't count with P0 frequency!
[    0.000000] x86/fpu: x87 FPU will use FXSAVE
[    0.000000] e820: BIOS-provided physical RAM map:
[    0.000000] BIOS-e820: [mem 0x0000000000000000-0x000000000009fbff] usable
[    0.000000] BIOS-e820: [mem 0x000000000009fc00-0x000000000009ffff] reserved
[    0.000000] BIOS-e820: [mem 0x00000000000f0000-0x00000000000fffff] reserved
[    0.000000] BIOS-e820: [mem 0x0000000000100000-0x000000007ffeffff] usable
[    0.000000] BIOS-e820: [mem 0x000000007fff0000-0x000000007fffffff] ACPI data
[    0.000000] BIOS-e820: [mem 0x00000000fec00000-0x00000000fec00fff] reserved
[    0.000000] BIOS-e820: [mem 0x00000000fee00000-0x00000000fee00fff] reserved
[    0.000000] BIOS-e820: [mem 0x00000000fffc0000-0x00000000ffffffff] reserved
[    0.000000] NX (Execute Disable) protection: active
[    0.000000] SMBIOS 2.5 present.
[    0.000000] DMI: innotek GmbH VirtualBox/VirtualBox, BIOS VirtualBox 12/01/2006
[    0.000000] Hypervisor detected: KVM
[    0.000000] e820: last_pfn = 0x7fff0 max_arch_pfn = 0x400000000
[    0.000000] x86/PAT: Configuration [0-7]: WB  WC  UC- UC  WB  WP  UC- WT  
[    0.000000] CPU MTRRs all blank - virtualized system.
[    0.000000] found SMP MP-table at [mem 0x0009fbf0-0x0009fbff]
[    0.000000] Scanning 1 areas for low memory corruption
[    0.000000] RAMDISK: [mem 0x359cb000-0x36cdcfff]
[    0.000000] ACPI: Early table checksum verification disabled
[    0.000000] ACPI: RSDP 0x00000000000E0000 000024 (v02 VBOX  )
[    0.000000] ACPI: XSDT 0x000000007FFF0030 00003C (v01 VBOX   VBOXXSDT 00000001 ASL  00000061)
[    0.000000] ACPI: FACP 0x000000007FFF00F0 0000F4 (v04 VBOX   VBOXFACP 00000001 ASL  00000061)
[    0.000000] ACPI: DSDT 0x000000007FFF0610 002353 (v02 VBOX   VBOXBIOS 00000002 INTL 20100528)
[    0.000000] ACPI: FACS 0x000000007FFF0200 000040
[    0.000000] ACPI: FACS 0x000000007FFF0200 000040
[    0.000000] ACPI: APIC 0x000000007FFF0240 00005C (v02 VBOX   VBOXAPIC 00000001 ASL  00000061)
[    0.000000] ACPI: SSDT 0x000000007FFF02A0 00036C (v01 VBOX   VBOXCPUT 00000002 INTL 20100528)
[    0.000000] ACPI: Reserving FACP table memory at [mem 0x7fff00f0-0x7fff01e3]
[    0.000000] ACPI: Reserving DSDT table memory at [mem 0x7fff0610-0x7fff2962]
[    0.000000] ACPI: Reserving FACS table memory at [mem 0x7fff0200-0x7fff023f]
[    0.000000] ACPI: Reserving FACS table memory at [mem 0x7fff0200-0x7fff023f]
[    0.000000] ACPI: Reserving APIC table memory at [mem 0x7fff0240-0x7fff029b]
[    0.000000] ACPI: Reserving SSDT table memory at [mem 0x7fff02a0-0x7fff060b]
[    0.000000] No NUMA configuration found
[    0.000000] Faking a node at [mem 0x0000000000000000-0x000000007ffeffff]
[    0.000000] NODE_DATA(0) allocated [mem 0x7ffc5000-0x7ffeffff]
[    0.000000] kvm-clock: cpu 0, msr 0:7ff44001, primary cpu clock
[    0.000000] kvm-clock: Using msrs 4b564d01 and 4b564d00
[    0.000000] kvm-clock: using sched offset of 4107665962 cycles
[    0.000000] clocksource: kvm-clock: mask: 0xffffffffffffffff max_cycles: 0x1cd42e4dffb, max_idle_ns: 881590591483 ns
[    0.000000] Zone ranges:
[    0.000000]   DMA      [mem 0x0000000000001000-0x0000000000ffffff]
[    0.000000]   DMA32    [mem 0x0000000001000000-0x000000007ffeffff]
[    0.000000]   Normal   empty
[    0.000000]   Device   empty
[    0.000000] Movable zone start for each node
[    0.000000] Early memory node ranges
[    0.000000]   node   0: [mem 0x0000000000001000-0x000000000009efff]
[    0.000000]   node   0: [mem 0x0000000000100000-0x000000007ffeffff]
[    0.000000] Reserved but unavailable: 104 pages
[    0.000000] Initmem setup node 0 [mem 0x0000000000001000-0x000000007ffeffff]
[    0.000000] ACPI: PM-Timer IO Port: 0x4008
[    0.000000] IOAPIC[0]: apic_id 2, version 32, address 0xfec00000, GSI 0-23
[    0.000000] ACPI: INT_SRC_OVR (bus 0 bus_irq 0 global_irq 2 dfl dfl)
[    0.000000] ACPI: INT_SRC_OVR (bus 0 bus_irq 9 global_irq 9 low level)
[    0.000000] Using ACPI (MADT) for SMP configuration information
[    0.000000] smpboot: Allowing 2 CPUs, 0 hotplug CPUs
[    0.000000] PM: Registered nosave memory: [mem 0x00000000-0x00000fff]
[    0.000000] PM: Registered nosave memory: [mem 0x0009f000-0x0009ffff]
[    0.000000] PM: Registered nosave memory: [mem 0x000a0000-0x000effff]
[    0.000000] PM: Registered nosave memory: [mem 0x000f0000-0x000fffff]
[    0.000000] e820: [mem 0x80000000-0xfebfffff] available for PCI devices
[    0.000000] Booting paravirtualized kernel on KVM
[    0.000000] clocksource: refined-jiffies: mask: 0xffffffff max_cycles: 0xffffffff, max_idle_ns: 7645519600211568 ns
[    0.000000] setup_percpu: NR_CPUS:8192 nr_cpumask_bits:2 nr_cpu_ids:2 nr_node_ids:1
[    0.000000] percpu: Embedded 50 pages/cpu s167936 r8192 d28672 u1048576
[    0.000000] PV qspinlock hash table entries: 256 (order: 0, 4096 bytes)
[    0.000000] Built 1 zonelists, mobility grouping on.  Total pages: 515961
[    0.000000] Policy zone: DMA32
[    0.000000] Kernel command line: BOOT_IMAGE=/boot/vmlinuz-4.15.0-212-generic root=LABEL=cloudimg-rootfs ro console=tty1 console=ttyS0
[    0.000000] Memory: 2014836K/2096696K available (12300K kernel code, 2477K rwdata, 4324K rodata, 2480K init, 2720K bss, 81860K reserved, 0K cma-reserved)
[    0.000000] SLUB: HWalign=64, Order=0-3, MinObjects=0, CPUs=2, Nodes=1
[    0.000000] ftrace: allocating 39508 entries in 155 pages
[    0.004000] Hierarchical RCU implementation.
[    0.004000] 	RCU restricting CPUs from NR_CPUS=8192 to nr_cpu_ids=2.
[    0.004000] 	Tasks RCU enabled.
[    0.004000] RCU: Adjusting geometry for rcu_fanout_leaf=16, nr_cpu_ids=2
[    0.004000] NR_IRQS: 524544, nr_irqs: 440, preallocated irqs: 16
[    0.004000] random: crng init done
[    0.004000] Console: colour VGA+ 80x25
[    0.004000] console [tty1] enabled
[    0.004000] console [ttyS0] enabled
[    0.004000] ACPI: Core revision 20170831
[    0.004000] ACPI: 2 ACPI AML tables successfully acquired and loaded
[    0.004000] APIC: Switch to symmetric I/O mode setup
[    0.004000] ..TIMER: vector=0x30 apic1=0 pin1=2 apic2=-1 pin2=-1
[    0.004007] tsc: Detected 2370.574 MHz processor
[    0.008009] Calibrating delay loop (skipped) preset value.. 4741.14 BogoMIPS (lpj=9482296)
[    0.012004] pid_max: default: 32768 minimum: 301
[    0.016149] Security Framework initialized
[    0.020008] Yama: becoming mindful.
[    0.024143] AppArmor: AppArmor initialized
[    0.041374] Dentry cache hash table entries: 262144 (order: 9, 2097152 bytes)
[    0.050215] Inode-cache hash table entries: 131072 (order: 8, 1048576 bytes)
[    0.052190] Mount-cache hash table entries: 4096 (order: 3, 32768 bytes)
[    0.056159] Mountpoint-cache hash table entries: 4096 (order: 3, 32768 bytes)
[    0.061817] Last level iTLB entries: 4KB 1024, 2MB 1024, 4MB 512
[    0.064004] Last level dTLB entries: 4KB 2048, 2MB 2048, 4MB 1024, 1GB 0
[    0.068009] Spectre V1 : Mitigation: usercopy/swapgs barriers and __user pointer sanitization
[    0.072006] Spectre V2 : Mitigation: Retpolines
[    0.076002] Spectre V2 : Spectre v2 / SpectreRSB mitigation: Filling RSB on context switch
[    0.080002] Spectre V2 : Spectre v2 / SpectreRSB : Filling RSB on VMEXIT
[    0.084003] RETBleed: Vulnerable
[    0.087193] Freeing SMP alternatives memory: 36K
[    0.204443] smpboot: CPU0: AMD Ryzen 5 4500U with Radeon Graphics (family: 0x17, model: 0x60, stepping: 0x1)
[    0.208635] Performance Events: PMU not available due to virtualization, using software events only.
[    0.212224] Hierarchical SRCU implementation.
[    0.220561] NMI watchdog: Perf event create on CPU 0 failed with -2
[    0.224005] NMI watchdog: Perf NMI watchdog permanently disabled
[    0.232172] smp: Bringing up secondary CPUs ...
[    0.237327] x86: Booting SMP configuration:
[    0.240006] .... node  #0, CPUs:      #1
[    0.004000] kvm-clock: cpu 1, msr 0:7ff44041, secondary cpu clock
[    0.252000] TSC synchronization [CPU#0 -> CPU#1]:
[    0.252000] Measured 95998 cycles TSC warp between CPUs, turning off TSC clock.
[    0.252000] tsc: Marking TSC unstable due to check_tsc_sync_source failed
[    0.256403] smp: Brought up 1 node, 2 CPUs
[    0.260006] smpboot: Max logical packages: 1
[    0.264006] smpboot: Total of 2 processors activated (9482.29 BogoMIPS)
[    0.272236] devtmpfs: initialized
[    0.276567] x86/mm: Memory block size: 128MB
[    0.280861] evm: security.selinux
[    0.288003] evm: security.SMACK64
[    0.292003] evm: security.SMACK64EXEC
[    0.296004] evm: security.SMACK64TRANSMUTE
[    0.300008] evm: security.SMACK64MMAP
[    0.304003] evm: security.apparmor
[    0.308006] evm: security.ima
[    0.312004] evm: security.capability
[    0.320493] clocksource: jiffies: mask: 0xffffffff max_cycles: 0xffffffff, max_idle_ns: 7645041785100000 ns
[    0.324025] futex hash table entries: 512 (order: 3, 32768 bytes)
[    0.328250] pinctrl core: initialized pinctrl subsystem
[    0.332683] RTC time: 10:59:44, date: 02/13/25
[    0.340700] NET: Registered protocol family 16
[    0.344210] audit: initializing netlink subsys (disabled)
[    0.348251] audit: type=2000 audit(1739444389.276:1): state=initialized audit_enabled=0 res=1
[    0.360118] cpuidle: using governor ladder
[    0.368450] cpuidle: using governor menu
[    0.376150] ACPI: bus type PCI registered
[    0.379845] acpiphp: ACPI Hot Plug PCI Controller Driver version: 0.5
[    0.380704] PCI: Using configuration type 1 for base access
[    0.384004] PCI: Using configuration type 1 for extended access
[    0.392379] HugeTLB registered 2.00 MiB page size, pre-allocated 0 pages
[    0.404425] ACPI: Added _OSI(Module Device)
[    0.408005] ACPI: Added _OSI(Processor Device)
[    0.412003] ACPI: Added _OSI(3.0 _SCP Extensions)
[    0.416004] ACPI: Added _OSI(Processor Aggregator Device)
[    0.420005] ACPI: Added _OSI(Linux-Dell-Video)
[    0.424009] ACPI: Added _OSI(Linux-Lenovo-NV-HDMI-Audio)
[    0.428003] ACPI: Added _OSI(Linux-HPI-Hybrid-Graphics)
[    0.432904] ACPI: Executed 1 blocks of module-level executable AML code
[    0.443816] ACPI: Interpreter enabled
[    0.444021] ACPI: (supports S0 S5)
[    0.448005] ACPI: Using IOAPIC for interrupt routing
[    0.452496] PCI: Using host bridge windows from ACPI; if necessary, use "pci=nocrs" and report a bug
[    0.456292] ACPI: Enabled 2 GPEs in block 00 to 07
[    0.472981] ACPI: PCI Root Bridge [PCI0] (domain 0000 [bus 00-ff])
[    0.476028] acpi PNP0A03:00: _OSC: OS supports [ExtendedConfig ASPM ClockPM Segments MSI]
[    0.485854] acpi PNP0A03:00: _OSC: platform does not support [PCIeCapability]
[    0.489020] acpi PNP0A03:00: _OSC: not requesting control; platform does not support [PCIeCapability]
[    0.492012] acpi PNP0A03:00: _OSC: OS requested [PCIeHotplug PME AER PCIeCapability]
[    0.496009] acpi PNP0A03:00: _OSC: platform willing to grant [PCIeHotplug PME AER]
[    0.500008] acpi PNP0A03:00: _OSC failed (AE_SUPPORT); disabling ASPM
[    0.504909] PCI host bridge to bus 0000:00
[    0.508006] pci_bus 0000:00: root bus resource [io  0x0000-0x0cf7 window]
[    0.512014] pci_bus 0000:00: root bus resource [io  0x0d00-0xffff window]
[    0.516070] pci_bus 0000:00: root bus resource [mem 0x000a0000-0x000bffff window]
[    0.520013] pci_bus 0000:00: root bus resource [mem 0x80000000-0xfdffffff window]
[    0.524009] pci_bus 0000:00: root bus resource [bus 00-ff]
[    0.538621] pci 0000:00:01.1: legacy IDE quirk: reg 0x10: [io  0x01f0-0x01f7]
[    0.540013] pci 0000:00:01.1: legacy IDE quirk: reg 0x14: [io  0x03f6]
[    0.544008] pci 0000:00:01.1: legacy IDE quirk: reg 0x18: [io  0x0170-0x0177]
[    0.548005] pci 0000:00:01.1: legacy IDE quirk: reg 0x1c: [io  0x0376]
[    0.574006] pci 0000:00:07.0: quirk: [io  0x4000-0x403f] claimed by PIIX4 ACPI
[    0.576114] pci 0000:00:07.0: quirk: [io  0x4100-0x410f] claimed by PIIX4 SMB
[    0.591094] ACPI: PCI Interrupt Link [LNKA] (IRQs 5 9 10 *11)
[    0.592696] ACPI: PCI Interrupt Link [LNKB] (IRQs 5 9 *10 11)
[    0.596257] ACPI: PCI Interrupt Link [LNKC] (IRQs 5 *9 10 11)
[    0.600254] ACPI: PCI Interrupt Link [LNKD] (IRQs 5 9 10 *11)
[    0.604907] SCSI subsystem initialized
[    0.608506] pci 0000:00:02.0: vgaarb: setting as boot VGA device
[    0.612000] pci 0000:00:02.0: vgaarb: VGA device added: decodes=io+mem,owns=io+mem,locks=none
[    0.612013] pci 0000:00:02.0: vgaarb: bridge control possible
[    0.616005] vgaarb: loaded
[    0.620046] ACPI: bus type USB registered
[    0.623607] usbcore: registered new interface driver usbfs
[    0.624016] usbcore: registered new interface driver hub
[    0.628025] usbcore: registered new device driver usb
[    0.636296] EDAC MC: Ver: 3.0.0
[    0.644385] PCI: Using ACPI for IRQ routing
[    0.652979] NetLabel: Initializing
[    0.656003] NetLabel:  domain hash size = 128
[    0.664004] NetLabel:  protocols = UNLABELED CIPSOv4 CALIPSO
[    0.668024] NetLabel:  unlabeled traffic allowed by default
[    0.680297] clocksource: Switched to clocksource kvm-clock
[    0.741811] VFS: Disk quotas dquot_6.6.0
[    0.748202] VFS: Dquot-cache hash table entries: 512 (order 0, 4096 bytes)
[    0.755208] AppArmor: AppArmor Filesystem Enabled
[    0.760108] pnp: PnP ACPI init
[    0.765356] pnp: PnP ACPI: found 3 devices
[    0.809745] clocksource: acpi_pm: mask: 0xffffff max_cycles: 0xffffff, max_idle_ns: 2085701024 ns
[    0.818396] NET: Registered protocol family 2
[    0.824874] IP idents hash table entries: 32768 (order: 6, 262144 bytes)
[    0.832626] TCP established hash table entries: 16384 (order: 5, 131072 bytes)
[    0.840205] TCP bind hash table entries: 16384 (order: 6, 262144 bytes)
[    0.848096] TCP: Hash tables configured (established 16384 bind 16384)
[    0.855103] UDP hash table entries: 1024 (order: 3, 32768 bytes)
[    0.860925] UDP-Lite hash table entries: 1024 (order: 3, 32768 bytes)
[    0.868233] NET: Registered protocol family 1
[    0.872732] pci 0000:00:00.0: Limiting direct PCI/PCI transfers
[    0.878501] pci 0000:00:01.0: Activating ISA DMA hang workarounds
[    0.885132] pci 0000:00:02.0: Video device with shadowed ROM at [mem 0x000c0000-0x000dffff]
[    0.893259] Unpacking initramfs...
[    1.100023] Freeing initrd memory: 19528K
[    1.408485] clocksource: tsc: mask: 0xffffffffffffffff max_cycles: 0x222ba1edfb7, max_idle_ns: 440795302999 ns
[    1.417757] platform rtc_cmos: registered platform RTC device (no PNP device found)
[    1.425293] Scanning for low memory corruption every 60 seconds
[    1.433834] Initialise system trusted keyrings
[    1.438486] Key type blacklist registered
[    1.443294] workingset: timestamp_bits=36 max_order=19 bucket_order=0
[    1.451947] zbud: loaded
[    1.456608] squashfs: version 4.0 (2009/01/31) Phillip Lougher
[    1.463686] fuse init (API version 7.26)
[    1.505365] Key type asymmetric registered
[    1.509250] Asymmetric key parser 'x509' registered
[    1.513685] Block layer SCSI generic (bsg) driver version 0.4 loaded (major 246)
[    1.521281] io scheduler noop registered
[    1.526115] io scheduler deadline registered
[    1.530528] io scheduler cfq registered (default)
[    1.536256] ACPI: AC Adapter [AC] (on-line)
[    1.540935] input: Power Button as /devices/LNXSYSTM:00/LNXPWRBN:00/input/input0
[    1.548848] ACPI: Power Button [PWRF]
[    1.552984] input: Sleep Button as /devices/LNXSYSTM:00/LNXSLPBN:00/input/input1
[    1.560504] ACPI: Sleep Button [SLPF]
[    1.568689] ACPI: Battery Slot [BAT0] (battery present)
[    1.575405] Serial: 8250/16550 driver, 32 ports, IRQ sharing enabled
[    1.608589] 00:02: ttyS0 at I/O 0x3f8 (irq = 4, base_baud = 115200) is a 16550A
[    1.632576] Linux agpgart interface v0.103
[    1.646390] loop: module loaded
[    1.651710] scsi host0: ata_piix
[    1.655325] scsi host1: ata_piix
[    1.658548] ata1: PATA max UDMA/33 cmd 0x1f0 ctl 0x3f6 bmdma 0xd000 irq 14
[    1.664528] ata2: PATA max UDMA/33 cmd 0x170 ctl 0x376 bmdma 0xd008 irq 15
[    1.670796] tun: Universal TUN/TAP device driver, 1.6
[    1.676217] PPP generic driver version 2.4.2
[    1.680493] ehci_hcd: USB 2.0 'Enhanced' Host Controller (EHCI) Driver
[    1.687348] ehci-pci: EHCI PCI platform driver
[    1.691413] ehci-platform: EHCI generic platform driver
[    1.696083] ohci_hcd: USB 1.1 'Open' Host Controller (OHCI) Driver
[    1.702809] ohci-pci: OHCI PCI platform driver
[    1.706631] ohci-platform: OHCI generic platform driver
[    1.712253] uhci_hcd: USB Universal Host Controller Interface driver
[    1.718271] i8042: PNP: PS/2 Controller [PNP0303:PS2K,PNP0f03:PS2M] at 0x60,0x64 irq 1,12
[    1.730208] serio: i8042 KBD port at 0x60,0x64 irq 1
[    1.735235] serio: i8042 AUX port at 0x60,0x64 irq 12
[    1.741853] mousedev: PS/2 mouse device common for all mice
[    1.750962] rtc_cmos rtc_cmos: rtc core: registered rtc_cmos as rtc0
[    1.757675] input: AT Translated Set 2 keyboard as /devices/platform/i8042/serio0/input/input2
[    1.760859] rtc_cmos rtc_cmos: alarms up to one day, 114 bytes nvram
[    1.772184] i2c /dev entries driver
[    1.776257] device-mapper: uevent: version 1.0.3
[    1.781330] device-mapper: ioctl: 4.37.0-ioctl (2017-09-20) initialised: dm-devel@redhat.com
[    1.791830] ledtrig-cpu: registered to indicate activity on CPUs
[    1.799691] NET: Registered protocol family 10
[    1.812318] Segment Routing with IPv6
[    1.815565] NET: Registered protocol family 17
[    1.819846] Key type dns_resolver registered
[    1.824519] mce: Using 0 MCE banks
[    1.827503] RAS: Correctable Errors collector initialized.
[    1.832942] sched_clock: Marking stable (1832777078, 0)->(2704477806, -871700728)
[    1.896723] registered taskstats version 1
[    1.900628] Loading compiled-in X.509 certificates
[    1.909610] Loaded X.509 cert 'Build time autogenerated kernel key: b5b26778eaa3ab3a4a6cee031137706e947d12ad'
[    1.918491] Loaded X.509 cert 'Canonical Ltd. Live Patch Signing: 14df34d1a87cf37625abec039ef2bf521249b969'
[    1.927348] Loaded X.509 cert 'Canonical Ltd. Kernel Module Signing: 88f752e560a1e0737e31163a466ad7b70a850c19'
[    1.936330] blacklist: Loading compiled-in revocation X.509 certificates
[    1.942157] Loaded X.509 cert 'Canonical Ltd. Secure Boot Signing: 61482aa2830d0ab2ad5af10b7250da9033ddcef0'
[    1.950664] Loaded X.509 cert 'Canonical Ltd. Secure Boot Signing (2017): 242ade75ac4a15e50d50c84b0d45ff3eae707a03'
[    1.959956] Loaded X.509 cert 'Canonical Ltd. Secure Boot Signing (ESM 2018): 365188c1d374d6b07c3c8f240f8ef722433d6a8b'
[    1.969404] Loaded X.509 cert 'Canonical Ltd. Secure Boot Signing (2019): c0746fd6c5da3ae827864651ad66ae47fe24b3e8'
[    1.978495] Loaded X.509 cert 'Canonical Ltd. Secure Boot Signing (2021 v1): a8d54bbb3825cfb94fa13c9f8a594a195c107b8d'
[    1.987698] Loaded X.509 cert 'Canonical Ltd. Secure Boot Signing (2021 v2): 4cf046892d6fd3c9a5b03f98d845f90851dc6a8c'
[    1.997797] Loaded X.509 cert 'Canonical Ltd. Secure Boot Signing (2021 v3): 100437bb6de6e469b581e61cd66bce3ef4ed53af'
[    2.007012] Loaded X.509 cert 'Canonical Ltd. Secure Boot Signing (Ubuntu Core 2019): c1d57b8f6b743f23ee41f4f7ee292f06eecadfb9'
[    2.016912] zswap: loaded using pool lzo/zbud
[    2.028674] Key type big_key registered
[    2.032068] Key type trusted registered
[    2.039617] Key type encrypted registered
[    2.043483] AppArmor: AppArmor sha1 policy hashing enabled
[    2.048443] ima: No TPM chip found, activating TPM-bypass! (rc=-19)
[    2.054313] ima: Allocated hash algorithm: sha1
[    2.058394] evm: HMAC attrs: 0x1
[    2.062500]   Magic number: 13:453:982
[    2.066441] rtc_cmos rtc_cmos: setting system clock to 2025-02-13 10:59:46 UTC (1739444386)
[    2.074270] BIOS EDD facility v0.16 2004-Jun-25, 0 devices found
[    2.079598] EDD information not available.
[    2.087041] Freeing unused kernel image memory: 2480K
[    2.124228] Write protecting the kernel read-only data: 20480k
[    2.132490] Freeing unused kernel image memory: 2008K
[    2.138608] Freeing unused kernel image memory: 1820K
[    2.149785] x86/mm: Checked W+X mappings: passed, no W+X pages found.
Loading, please wait...
starting version 237
[    2.237216] Fusion MPT base driver 3.04.20
[    2.241967] Copyright (c) 1999-2008 LSI Corporation
[    2.249279] e1000: Intel(R) PRO/1000 Network Driver - version 7.3.21-k8-NAPI
[    2.256194] e1000: Copyright (c) 1999-2006 Intel Corporation.
[    2.297486] SSE version of gcm_enc/dec engaged.
[    2.304556] Fusion MPT SPI Host driver 3.04.20
[    2.508462] input: ImExPS/2 Generic Explorer Mouse as /devices/platform/i8042/serio1/input/input4
[    2.971413] e1000 0000:00:03.0 eth0: (PCI:33MHz:32-bit) 02:3b:7b:b7:3b:2d
[    2.978624] e1000 0000:00:03.0 eth0: Intel(R) PRO/1000 Network Connection
[    3.615894] e1000 0000:00:08.0 eth1: (PCI:33MHz:32-bit) 08:00:27:e3:1e:3b
[    3.624569] e1000 0000:00:08.0 eth1: Intel(R) PRO/1000 Network Connection
[    3.634488] e1000 0000:00:08.0 enp0s8: renamed from eth1
[    3.641908] mptbase: ioc0: Initiating bringup
[    3.656571] e1000 0000:00:03.0 enp0s3: renamed from eth0
[    3.758950] ioc0: LSI53C1030 A0: Capabilities={Initiator}
[    4.017676] scsi host2: ioc0: LSI53C1030 A0, FwRev=00000000h, Ports=1, MaxQ=256, IRQ=20
[    4.195536] scsi 2:0:0:0: Direct-Access     VBOX     HARDDISK         1.0  PQ: 0 ANSI: 5
[    4.241259] scsi target2:0:0: Beginning Domain Validation
[    4.255581] scsi target2:0:0: Domain Validation skipping write tests
[    4.262128] scsi target2:0:0: Ending Domain Validation
[    4.266973] scsi target2:0:0: asynchronous
[    4.272858] scsi 2:0:1:0: Direct-Access     VBOX     HARDDISK         1.0  PQ: 0 ANSI: 5
[    4.845222] scsi target2:0:1: Beginning Domain Validation
[    4.860154] scsi target2:0:1: Domain Validation skipping write tests
[    4.866390] scsi target2:0:1: Ending Domain Validation
[    4.871206] scsi target2:0:1: asynchronous
[    4.886109] sd 2:0:0:0: Attached scsi generic sg0 type 0
[    4.893259] sd 2:0:1:0: Attached scsi generic sg1 type 0
[    4.900615] sd 2:0:0:0: [sda] 83886080 512-byte logical blocks: (42.9 GB/40.0 GiB)
[    4.908813] sd 2:0:1:0: [sdb] 20480 512-byte logical blocks: (10.5 MB/10.0 MiB)
[    4.908919] sd 2:0:0:0: [sda] Write Protect is off
[    4.922911] sd 2:0:1:0: [sdb] Write Protect is off
[    4.923442] sd 2:0:0:0: [sda] Incomplete mode parameter data
[    4.933035] sd 2:0:0:0: [sda] Assuming drive cache: write through
[    4.941960] sd 2:0:1:0: [sdb] Incomplete mode parameter data
[    4.946095]  sda: sda1
[    4.948544] sd 2:0:1:0: [sdb] Assuming drive cache: write through
[    4.952950] sd 2:0:0:0: [sda] Attached SCSI disk
[    4.974443] sd 2:0:1:0: [sdb] Attached SCSI disk
Begin: Loading essential drivers ... [    6.696657] raid6: sse2x1   gen()  7675 MB/s
[    6.748616] raid6: sse2x1   xor()  7498 MB/s
[    6.800451] raid6: sse2x2   gen() 15332 MB/s
[    6.852333] raid6: sse2x2   xor()  9858 MB/s
[    6.904199] raid6: sse2x4   gen() 16046 MB/s
[    6.953931] raid6: sse2x4   xor()  9496 MB/s
[    6.958701] raid6: using algorithm sse2x4 gen() 16046 MB/s
[    6.965244] raid6: .... xor() 9496 MB/s, rmw enabled
[    6.969624] raid6: using ssse3x2 recovery algorithm
[    6.976598] xor: measuring software checksum speed
[    7.020819]    prefetch64-sse: 17772.000 MB/sec
[    7.064712]    generic_sse: 18503.000 MB/sec
[    7.069344] xor: using function: generic_sse (18503.000 MB/sec)
[    7.077776] async_tx: api initialized (async)
done.
Begin: Running /scripts/init-premount ... done.
Begin: Mounting root file system ... Begin: Running /scripts/local-top ... done.
Begin: Running /scripts/local-premount ... [    7.146227] Btrfs loaded, crc32c=crc32c-intel
Scanning for Btrfs filesystems
done.
Warning: fsck not present, so skipping root file system
[    7.214082] EXT4-fs (sda1): mounted filesystem with ordered data mode. Opts: (null)
done.
Begin: Running /scripts/local-bottom ... done.
Begin: Running /scripts/init-bottom ... done.
[    7.477032] ip_tables: (C) 2000-2006 Netfilter Core Team
[    7.502963] systemd[1]: systemd 237 running in system mode. (+PAM +AUDIT +SELINUX +IMA +APPARMOR +SMACK +SYSVINIT +UTMP +LIBCRYPTSETUP +GCRYPT +GNUTLS +ACL +XZ +LZ4 +SECCOMP +BLKID +ELFUTILS +KMOD -IDN2 +IDN -PCRE2 default-hierarchy=hybrid)
[    7.525001] systemd[1]: Detected virtualization oracle.
[    7.530811] systemd[1]: Detected architecture x86-64.

Welcome to [1mUbuntu 18.04.6 LTS[0m!

[    7.565128] systemd[1]: Set hostname to <ubuntu>.
[    7.577433] systemd[1]: Initializing machine ID from random generator.
[    7.583778] systemd[1]: Installed transient /etc/machine-id file.
[    7.950485] systemd[1]: Reached target Swap.
[[0;32m  OK  [0m] Reached target Swap.
[    7.957532] systemd[1]: Reached target Mounting snaps.
[[0;32m  OK  [0m] Reached target Mounting snaps.
[    7.964685] systemd[1]: Reached target Mounted snaps.
[[0;32m  OK  [0m] Reached target Mounted snaps.
[    7.971404] systemd[1]: Reached target User and Group Name Lookups.
[[0;32m  OK  [0m] Reached target User and Group Name Lookups.
[[0;32m  OK  [0m] Created slice System Slice.
[[0;32m  OK  [0m] Listening on Journal Socket.
[[0;32m  OK  [0m] Listening on LVM2 metadata daemon socket.
[[0;32m  OK  [0m] Listening on LVM2 poll daemon socket.
[[0;32m  OK  [0m] Listening on Device-mapper event daemon FIFOs.
         Starting Create list of required st…ce nodes for the current kernel...
         Starting Load Kernel Modules...
[[0;32m  OK  [0m] Listening on udev Kernel Socket.
         Mounting POSIX Message Queue File System...
[[0;32m  OK  [0m] Listening on Network Service Netlink Socket.
         Starting Monitoring of LVM2 mirrors…ng dmeventd or progress polling...
         Starting Uncomplicated firewall...
[[0;32m  OK  [0m] Listening on Syslog Socket.
         Mounting Kernel Debug File System...
[[0;32m  OK  [0m] Listening on fsck to fsckd communication Socket.
[    8.032018] Loading iSCSI transport class v2.0-870.
         Starting File System Check on Root Device...
         Mounting Huge Pages File System...
         Starting Set the console keyboard layout...
[    8.052356] iscsi: registered transport (tcp)
[[0;32m  OK  [0m] Listening on Journal Socket (/dev/log).
[[0;32m  OK  [0m] Created slice User and Session Slice.
[[0;32m  OK  [0m] Reached target Slices.
[[0;32m  OK  [0m] Set up automount Arbitrary Executab…rmats File System Automount Point.
[    8.121021] iscsi: registered transport (iser)
[[0;32m  OK  [0m] Listening on Journal Audit Socket.
         Starting Journal Service...
[[0;32m  OK  [0m] Created slice system-serial\x2dgetty.slice.
[[0;32m  OK  [0m] Listening on /dev/initctl Compatibility Named Pipe.
[[0;32m  OK  [0m] Reached target System Time Synchronized.
[[0;32m  OK  [0m] Listening on udev Control Socket.
         Starting udev Coldplug all Devices...
[[0;32m  OK  [0m] Started Forward Password Requests to Wall Directory Watch.
[[0;32m  OK  [0m] Started Create list of required sta…vice nodes for the current kernel.
[[0;32m  OK  [0m] Started Load Kernel Modules.
[[0;32m  OK  [0m] Mounted POSIX Message Queue File System.
[[0;32m  OK  [0m] Started Uncomplicated firewall.
[[0;32m  OK  [0m] Mounted Kernel Debug File System.
[[0;32m  OK  [0m] Mounted Huge Pages File System.
[[0;32m  OK  [0m] Started File System Check Daemon to report status.
         Mounting Kernel Configuration File System...
         Starting Apply Kernel Variables...
         Mounting FUSE Control File System...
         Starting Create Static Device Nodes in /dev...
[[0;32m  OK  [0m] Mounted Kernel Configuration File System.
[[0;32m  OK  [0m] Mounted FUSE Control File System.
[[0;32m  OK  [0m] Started LVM2 metadata daemon.
[[0;32m  OK  [0m] Started udev Coldplug all Devices.
[[0;32m  OK  [0m] Started Journal Service.
[[0;32m  OK  [0m] Started File System Check on Root Device.
         Starting Remount Root and Kernel File Systems...
[[0;32m  OK  [0m] Started Create Static Device Nodes in /dev.
[[0;32m  OK  [0m] Started Apply Kernel Variables.
[[0;32m  OK  [0m] Started Remount Root and Kernel File Systems.
         Starting udev Kernel Device Manager...
         Starting Load/Save Random Seed...
         Starting Flush Journal to Persistent Storage...
[[0;32m  OK  [0m] Started Monitoring of LVM2 mirrors,…sing dmeventd or progress polling.
[[0;32m  OK  [0m] Started Load/Save Random Seed.
[[0;32m  OK  [0m] Started udev Kernel Device Manager.
[[0;32m  OK  [0m] Started Flush Journal to Persistent Storage.
[[0;32m  OK  [0m] Found device /dev/ttyS0.
[[0;32m  OK  [0m] Listening on Load/Save RF Kill Switch Status /dev/rfkill Watch.
[[0;32m  OK  [0m] Started Set the console keyboard layout.
[[0;32m  OK  [0m] Reached target Local File Systems (Pre).
[[0;32m  OK  [0m] Reached target Local File Systems.
         Starting Commit a transient machine-id on disk...
         Starting Tell Plymouth To Write Out Runtime Data...
         Starting Set console font and keymap...
         Starting Create Volatile Files and Directories...
         Starting ebtables ruleset management...
         Starting AppArmor initialization...
[[0;32m  OK  [0m] Started Dispatch Password Requests to Console Directory Watch.
[[0;32m  OK  [0m] Reached target Local Encrypted Volumes.
[[0;32m  OK  [0m] Started Tell Plymouth To Write Out Runtime Data.
[[0;32m  OK  [0m] Started Commit a transient machine-id on disk.
[[0;32m  OK  [0m] Started Create Volatile Files and Directories.
         Starting Update UTMP about System Boot/Shutdown...
[[0;32m  OK  [0m] Started Update UTMP about System Boot/Shutdown.
         Mounting Arbitrary Executable File Formats File System...
[[0;32m  OK  [0m] Mounted Arbitrary Executable File Formats File System.
[[0;32m  OK  [0m] Started ebtables ruleset management.
[[0;32m  OK  [0m] Started AppArmor initialization.
         Starting Load AppArmor profiles managed internally by snapd...
         Starting Initial cloud-init job (pre-networking)...
[[0;32m  OK  [0m] Started Load AppArmor profiles managed internally by snapd.
[[0;32m  OK  [0m] Started Set console font and keymap.
[   12.618668] cloud-init[792]: Cloud-init v. 23.1.2-0ubuntu0~18.04.1 running 'init-local' at Thu, 13 Feb 2025 10:59:56 +0000. Up 12.22 seconds.
[[0;32m  OK  [0m] Started Initial cloud-init job (pre-networking).
[[0;32m  OK  [0m] Reached target Network (Pre).
         Starting Network Service...
[[0;32m  OK  [0m] Started Network Service.
         Starting Wait for Network to be Configured...
         Starting Network Name Resolution...
[[0;32m  OK  [0m] Started Network Name Resolution.
[[0;32m  OK  [0m] Reached target Network.
[[0;32m  OK  [0m] Reached target Host and Network Name Lookups.
[[0;32m  OK  [0m] Started Wait for Network to be Configured.
         Starting Initial cloud-init job (metadata service crawler)...
[   15.210299] cloud-init[912]: Cloud-init v. 23.1.2-0ubuntu0~18.04.1 running 'init' at Thu, 13 Feb 2025 10:59:59 +0000. Up 15.08 seconds.
[   15.219543] cloud-init[912]: ci-info: ++++++++++++++++++++++++++++++++++++++Net device info+++++++++++++++++++++++++++++++++++++++
[   15.227318] cloud-init[912]: ci-info: +--------+-------+----------------------------+---------------+--------+-------------------+
[   15.233673] cloud-init[912]: ci-info: | Device |   Up  |          Address           |      Mask     | Scope  |     Hw-Address    |
[   15.241971] cloud-init[912]: ci-info: +--------+-------+----------------------------+---------------+--------+-------------------+
[   15.249119] cloud-init[912]: ci-info: | enp0s3 |  True |         10.0.2.15          | 255.255.255.0 | global | 02:3b:7b:b7:3b:2d |
[   15.255611] cloud-init[912]: ci-info: | enp0s3 |  True | fd00::3b:7bff:feb7:3b2d/64 |       .       | global | 02:3b:7b:b7:3b:2d |
[   15.261968] cloud-init[912]: ci-info: | enp0s3 |  True | fe80::3b:7bff:feb7:3b2d/64 |       .       |  link  | 02:3b:7b:b7:3b:2d |
[   15.268411] cloud-init[912]: ci-info: | enp0s8 | False |             .              |       .       |   .    | 08:00:27:e3:1e:3b |
[   15.276336] cloud-init[912]: ci-info: |   lo   |  True |         127.0.0.1          |   255.0.0.0   |  host  |         .         |
[   15.282767] cloud-init[912]: ci-info: |   lo   |  True |          ::1/128           |       .       |  host  |         .         |
[   15.289978] cloud-init[912]: ci-info: +--------+-------+----------------------------+---------------+--------+-------------------+
[   15.296750] cloud-init[912]: ci-info: ++++++++++++++++++++++++++++Route IPv4 info+++++++++++++++++++++++++++++
[   15.302880] cloud-init[912]: ci-info: +-------+-------------+----------+-----------------+-----------+-------+
[   15.309158] cloud-init[912]: ci-info: | Route | Destination | Gateway  |     Genmask     | Interface | Flags |
[   15.315015] cloud-init[912]: ci-info: +-------+-------------+----------+-----------------+-----------+-------+
[   15.320849] cloud-init[912]: ci-info: |   0   |   0.0.0.0   | 10.0.2.2 |     0.0.0.0     |   enp0s3  |   UG  |
[   15.326470] cloud-init[912]: ci-info: |   1   |   10.0.2.0  | 0.0.0.0  |  255.255.255.0  |   enp0s3  |   U   |
[   15.332124] cloud-init[912]: ci-info: |   2   |   10.0.2.2  | 0.0.0.0  | 255.255.255.255 |   enp0s3  |   UH  |
[   15.338585] cloud-init[912]: ci-info: +-------+-------------+----------+-----------------+-----------+-------+
[   15.344404] cloud-init[912]: ci-info: +++++++++++++++++++Route IPv6 info+++++++++++++++++++
[   15.349721] cloud-init[912]: ci-info: +-------+-------------+---------+-----------+-------+
[   15.354786] cloud-init[912]: ci-info: | Route | Destination | Gateway | Interface | Flags |
[   15.360457] cloud-init[912]: ci-info: +-------+-------------+---------+-----------+-------+
[   15.366455] cloud-init[912]: ci-info: |   1   |  fd00::/64  |    ::   |   enp0s3  |   U   |
[   15.373165] cloud-init[912]: ci-info: |   2   |  fe80::/64  |    ::   |   enp0s3  |   U   |
[   15.378706] cloud-init[912]: ci-info: |   3   |     ::/0    | fe80::2 |   enp0s3  |   UG  |
[   15.386281] cloud-init[912]: ci-info: |   5   |    local    |    ::   |   enp0s3  |   U   |
[   15.395239] cloud-init[912]: ci-info: |   6   |   ff00::/8  |    ::   |   enp0s3  |   U   |
[   15.405276] cloud-init[912]: ci-info: +-------+-------------+---------+-----------+-------+
[   16.325765] cloud-init[912]: Generating public/private rsa key pair.
[   16.330844] cloud-init[912]: Your identification has been saved in /etc/ssh/ssh_host_rsa_key.
[   16.336880] cloud-init[912]: Your public key has been saved in /etc/ssh/ssh_host_rsa_key.pub.
[   16.342543] cloud-init[912]: The key fingerprint is:
[   16.347213] cloud-init[912]: SHA256:7fNJwTw08eBSS/vVQoFEpGawe6R2d/t0RM/62ImwyAM root@ubuntu-bionic
[   16.352919] cloud-init[912]: The key's randomart image is:
[   16.357531] cloud-init[912]: +---[RSA 2048]----+
[   16.361867] cloud-init[912]: |        .  +O.o. |
[   16.366449] cloud-init[912]: |         o =.B  .|
[   16.370816] cloud-init[912]: |        . * * o +|
[   16.375268] cloud-init[912]: |         B = o =.|
[   16.379514] cloud-init[912]: |        S + * o +|
[   16.384273] cloud-init[912]: |       E + . + + |
[   16.389157] cloud-init[912]: |        . o.. o o|
[   16.393419] cloud-init[912]: |        ...+o..*o|
[[0;32m  OK  [0m] Started Initial cloud-init job (metadata service crawler).
[[0;32m  OK  [0m] Reached target System Initialization.
[[0;32m  OK  [0m] Listening on ACPID Listen Socket.
[[0;32m  OK  [0m] Started Discard unused blocks once a week.
[[0;32m  OK  [0m] Started ACPI Events Check.
[[0;32m  OK  [0m] Reached target Paths.
[   16.411156] cloud-init[[0;32m  OK  [0m] Listening on D-Bus System Message Bus Socket.
[[0;32m  OK  [0m] Listening on Open-iSCSI iscsid Socket.
         Starting Socket activation for snappy daemon.
[[0;32m  OK  [0m] Started Message of the Day.
[[0;32m  OK  [0m] Listening on cloud-init hotplug hook socket.
[[0;32m  OK  [0m] Listening on UUID daemon activation socket.
[[0;32m  OK  [0m] Started Daily apt download activities.
[[0;32m  OK  [0m] Started Daily apt upgrade and clean activities.
[[0;32m  OK  [0m] Started Ubuntu Advantage Timer for running repeated jobs.
[[0;32m  OK  [0m] Started Daily Cleanup of Temporary Directories.
[[0;32m  OK  [0m] Reached target Timers.
         Starting LXD - unix socket.
[[0;32m  OK  [0m] Reached target Cloud-config availability.
[[0;32m  OK  [0m] Reached target Network is Online.
[[0;32m  OK  [0m] Reached target Remote File Systems (Pre).
[[0;32m  OK  [0m] Reached target Remote File Systems.
         Starting Availability of block devices...
[[0;32m  OK  [0m] Listening on Socket activation for snappy daemon.
[[0;32m  OK  [0m] Listening on LXD - unix socket.
[[0;32m  OK  [0m] Reached target Sockets.
[[0;32m  OK  [0m] Reached target Basic System.
         Starting Permit User Sessions...
[[0;32m  OK  [0m] Started FUSE filesystem for LXC.
         Starting Accounts Service...
         Starting Virtualbox guest utils...
         Starting Pollinate to seed the pseudo random number generator...
         Starting Dispatcher daemon for systemd-networkd...
[912]: |         o..o...+|[[0;32m  OK  [0m] Started D-Bus System Message Bus.

[   16.466286] cloud-init[912]: +----[SHA256]-----+
[   16.471633] cloud-init[912]: Generating public/private dsa key pair.
[   16.476639] cloud-init[912]: Your identification has been saved in /etc/ssh/ssh_host_dsa_key.
[   16.482126] cloud-init[912]: Your public key has been saved in /etc/ssh/ssh_host_dsa_key.pub.
[   16.487761] cloud-init[912]: The key fingerprint is:
[   16.492167] cloud-init[912]: SHA256:xeBbcxecTO90OZLrshTgl7Bzx7I0DJ8dsEFEKnSWUKk root@ubuntu-bionic
[   16.497941] cloud-init[912]: The key's randomart image is:
[   16.502684] cloud-init[912]: +---[DSA 1024]----+
[   16.506735] cloud-init[912]: |       o++** +o. |
[   16.511190] cloud-init[912]: |      ..o=. + =o.|
[   16.518472] cloud-init[912]: |       .o==..+.o+|
[   16.525219] cloud-init[912]: |       Eo+Bo=.+oo|
[   16.531557] cloud-init[912]: |        S+ % =  .|
[   16.535534] cloud-init[912]: |          = B    |
[   16.545665] cloud-init[912]: |           + .   |
[   16.553895] cloud-init[912]: |          . o    |
[[0;32m  OK  [0m] Started Deferred execution scheduler.
[[0;32m  OK  [0m] Reached target Login Prompts (Pre).
         Starting System Logging Service...
[   16.564147]          Starting LSB: automatic crash report generation...
cloud-init[912]: |           .     |
[   16.573147] cloud-init[912]:          Starting Login Service...
+----[SHA256]-----+
[   16.592586] cloud-init[912]: Generating public/private ecdsa key pair.
[   16.598521] cloud-init[912]: Your identification has been saved in /etc/ssh/ssh_host_ecdsa_key.
[   16.610263] cloud-init[912]: Your public key has been saved in /etc/ssh/ssh_host_ecdsa_key.pub.
[   16.616792] cloud-init[912]: The key fingerprint is:
[   16.621114] cloud-init[912]: SHA256:wYJ7GkOKjxcc+VUyuSD4nOGtxDvWzPvR175Uuzlk7r8 root@ubuntu-bionic
[[0;32m  OK  [0m] Started Regular background program processing daemon.
         Starting LSB: Record successful boot for GRUB...
[   16.634006] cloud-init[912]: The key's randomart image is:
[   16.642311] cloud-init[912]: +---[ECDSA 256]---+
[   16.648449] cloud-init[912]: | .    o..        |
[   16.653222] cloud-init[912]: |. o....=         |
[   16.661201] cloud-init[912]: | =o=o.o.o        |
[   16.668654] cloud-init[[0;32m  OK  [0m] Started irqbalance daemon.
[912]:          Starting LXD - container startup/shutdown...
| oB=.o.. .       |
[   16.688311] cloud-init[912]: |..+*= . S     .  |
[   16.694020] cloud-init[912]: | o=.+= .   . .o. |
[   16.699768] cloud-init[912]: |..o.... . . o+.  |
[   16.701551] cloud-init[912]: | .  .  . . o  oo |
[   16.703256] cloud-init[912]: |     ..     oo+Eo|
[   16.707192] cloud-init[912]: +----[SHA256]-----+
[   16.716303] cloud-init[912]: Generating public/private ed25519 key pair.
[   16.722739] cloud-init[912]: Your identification has been saved in /etc/ssh/ssh_host_ed25519_key.
[   16.728850] cloud-init[912]: Your public key has been saved in /etc/ssh/ssh_host_ed25519_key.pub.
[   16.734515] cloud-init[912]: The key fingerprint is:
         Starting Snap Daemon...
[[0;32m  OK  [0m] Started System Logging Service.
[[0;32m  OK  [0m] [   16.754508] cloud-init[912]: SHA256:a9omCk/gu8P1zecLZZ8UgHRW+UsOguFPt3CzOlfe/k0 root@ubuntu-bionic
[   16.755685] cloud-init[912]: The key's randomart image is:
[   16.758578] cloud-init[912]: +--[ED25519 256]--+
[   16.758611] cloud-init[912]: |       ...+...   |
[   16.758650] cloud-init[912]: |        oo ..    |
[   16.758673] cloud-init[912]: |       . o  ..   |
[   16.758699] cloud-init[912]: |        o + =.o  |
[   16.758721] cloud-init[912]: |  .     Soo=.B . |
[   16.759190] cloud-init[912]: | . ..    +.oo.+  |
[   16.759539] cloud-init[912]: | .o... o+  .oo .E|
[   16.759934] cloud-init[912]: |  o=  o++.+ . ..o|
[   16.763948] cloud-init[912]: |  ooo..o.oo+   .=|
[   16.764804] cloud-init[912]: +----[SHA256]-----+
Started Availability of block devices.
[[0;32m  OK  [0m] Started Permit User Sessions.
[[0;32m  OK  [0m] Started Login Service.
[[0;32m  OK  [0m] Started LSB: automatic crash report generation.
         Starting Authorization Manager...
[[0;32m  OK  [0m] Started Unattended Upgrades Shutdown.
         Starting Hostname Service...
         Starting Hold until boot process finishes up...
         Starting Terminate Plymouth Boot Screen...
[[0;32m  OK  [0m] Started Hold until boot process finishes up.
[[0;32m  OK  [0m] Started Serial Getty on ttyS0.
         Starting Set console scheme...
[[0;32m  OK  [0m] Started Terminate Plymouth Boot Screen.
[[0;32m  OK  [0m] Started Set console scheme.
[[0;32m  OK  [0m] Created slice system-getty.slice.
[[0;32m  OK  [0m] Started Getty on tty1.
[[0;32m  OK  [0m] Reached target Login Prompts.
[[0;32m  OK  [0m] Started LSB: Record successful boot for GRUB.
[[0;32m  OK  [0m] Started Authorization Manager.
[[0;32m  OK  [0m] Started Accounts Service.
[[0;32m  OK  [0m] Started Virtualbox guest utils.
[[0;32m  OK  [0m] Started Hostname Service.
[[0;32m  OK  [0m] Started LXD - container startup/shutdown.
[[0;32m  OK  [0m] Started Dispatcher daemon for systemd-networkd.
[[0;32m  OK  [0m] Started Pollinate to seed the pseudo random number generator.
         Starting OpenBSD Secure Shell server...
[[0;32m  OK  [0m] Started OpenBSD Secure Shell server.
[[0;32m  OK  [0m] Created slice User Slice of vagrant.
[[0;32m  OK  [0m] Started Snap Daemon.
         Starting Wait until snapd is fully seeded...
         Starting User Manager for UID 1000...
[[0;32m  OK  [0m] Started Session 1 of user vagrant.
[[0;32m  OK  [0m] Started User Manager for UID 1000.
         Starting Time & Date Service...
[[0;32m  OK  [0m] Started Time & Date Service.
[[0;32m  OK  [0m] Started Wait until snapd is fully seeded.
         Starting Apply the settings specified in cloud-config...
[   22.476492] cloud-init[1535]: Cloud-init v. 23.1.2-0ubuntu0~18.04.1 running 'modules:config' at Thu, 13 Feb 2025 11:00:06 +0000. Up 22.06 seconds.
ci-info: no authorized SSH keys fingerprints found for user ubuntu.

Ubuntu 18.04.6 LTS ubuntu-bionic ttyS0

ubuntu-bionic login: <14>Feb 13 11:00:07 cloud-init: #############################################################
<14>Feb 13 11:00:07 cloud-init: -----BEGIN SSH HOST KEY FINGERPRINTS-----
<14>Feb 13 11:00:07 cloud-init: 1024 SHA256:xeBbcxecTO90OZLrshTgl7Bzx7I0DJ8dsEFEKnSWUKk root@ubuntu-bionic (DSA)
<14>Feb 13 11:00:07 cloud-init: 256 SHA256:wYJ7GkOKjxcc+VUyuSD4nOGtxDvWzPvR175Uuzlk7r8 root@ubuntu-bionic (ECDSA)
<14>Feb 13 11:00:07 cloud-init: 256 SHA256:a9omCk/gu8P1zecLZZ8UgHRW+UsOguFPt3CzOlfe/k0 root@ubuntu-bionic (ED25519)
<14>Feb 13 11:00:07 cloud-init: 2048 SHA256:7fNJwTw08eBSS/vVQoFEpGawe6R2d/t0RM/62ImwyAM root@ubuntu-bionic (RSA)
<14>Feb 13 11:00:07 cloud-init: -----END SSH HOST KEY FINGERPRINTS-----
<14>Feb 13 11:00:07 cloud-init: #############################################################
-----BEGIN SSH HOST KEY KEYS-----
ecdsa-sha2-nistp256 AAAAE2VjZHNhLXNoYTItbmlzdHAyNTYAAAAIbmlzdHAyNTYAAABBBEfYZ524mHFeGHg+OtDSMp4M0PBGXRy385jkqFI7VCdHvuTMJCSJvLOHbmCvx9ExTLdjvGsRCoqeR6a5T4RNggQ= root@ubuntu-bionic
ssh-ed25519 AAAAC3NzaC1lZDI1NTE5AAAAICLc+eaBTQP/hC+gorXEz8bK/N984dlBsvhfQSheoVAO root@ubuntu-bionic
ssh-rsa AAAAB3NzaC1yc2EAAAADAQABAAABAQDEsNGU7NLQqkdWXVAKKSN1/wSuEnCUqdcHP9lnA9bvCoGvYaAwUSDQhLzbhXVxrQBQfUVxD1+TCNoDtrPlpXV16zpu83QbM2p0jRo+jvkO1dQ2p6MunVCwC+rZ2C86+fSlCXZa8fQNNr1rGekclOdBxah0vBkM8xN9LPKdR50l9d7Q/QQuMiyTa0v0ojvGkpw+/+kuIAcBkz21+aJ/rBNBzswedANn4QTlAoy/81fhOxKTuJwRfa69vAykzTnT+3LOH7s7gsfo1pdtS3dk3x74AsG34d39RMdBaqpvZGIq8++Ki/ZYZ7uYMuEICf3SjE75eA1p+MRVwUgTlKbWeDWn root@ubuntu-bionic
-----END SSH HOST KEY KEYS-----
[   23.147314] cloud-init[1683]: Cloud-init v. 23.1.2-0ubuntu0~18.04.1 running 'modules:final' at Thu, 13 Feb 2025 11:00:07 +0000. Up 22.93 seconds.
[   23.147448] cloud-init[1683]: Cloud-init v. 23.1.2-0ubuntu0~18.04.1 finished at Thu, 13 Feb 2025 11:00:07 +0000. Datasource DataSourceNoCloud [seed=/dev/sdb][dsmode=net].  Up 23.14 seconds
